This is pdfTeX, Version 3.14159265-2.6-1.40.19 (TeX Live 2018) (preloaded format=pdflatex 2018.4.16)  23 MAR 2019 19:59
entering extended mode
 restricted \write18 enabled.
 file:line:error style messages enabled.
 %&-line parsing enabled.
**"/Users/nasirkhalid/Desktop/University/Deep Learning/Homeworks/Homework 2/report_2/report.tex"
(/Users/nasirkhalid/Desktop/University/Deep Learning/Homeworks/Homework 2/report_2/report.tex
LaTeX2e <2018-04-01> patch level 2
Babel <3.18> and hyphenation patterns for 84 language(s) loaded.
(/usr/local/texlive/2018/texmf-dist/tex/latex/base/article.cls
Document Class: article 2014/09/29 v1.4h Standard LaTeX document class
(/usr/local/texlive/2018/texmf-dist/tex/latex/base/size12.clo
File: size12.clo 2014/09/29 v1.4h Standard LaTeX file (size option)
)
\c@part=\count80
\c@section=\count81
\c@subsection=\count82
\c@subsubsection=\count83
\c@paragraph=\count84
\c@subparagraph=\count85
\c@figure=\count86
\c@table=\count87
\abovecaptionskip=\skip41
\belowcaptionskip=\skip42
\bibindent=\dimen102
) (/usr/local/texlive/2018/texmf-dist/tex/latex/caption/caption.sty
Package: caption 2016/02/21 v3.3-144 Customizing captions (AR)
 (/usr/local/texlive/2018/texmf-dist/tex/latex/caption/caption3.sty
Package: caption3 2016/05/22 v1.7-166 caption3 kernel (AR)
Package caption3 Info: TeX engine: e-TeX on input line 67.
 (/usr/local/texlive/2018/texmf-dist/tex/latex/graphics/keyval.sty
Package: keyval 2014/10/28 v1.15 key=value parser (DPC)
\KV@toks@=\toks14
)
\captionmargin=\dimen103
\captionmargin@=\dimen104
\captionwidth=\dimen105
\caption@tempdima=\dimen106
\caption@indent=\dimen107
\caption@parindent=\dimen108
\caption@hangindent=\dimen109
)
\c@ContinuedFloat=\count88
) (/usr/local/texlive/2018/texmf-dist/tex/latex/graphics/graphicx.sty
Package: graphicx 2017/06/01 v1.1a Enhanced LaTeX Graphics (DPC,SPQR)
 (/usr/local/texlive/2018/texmf-dist/tex/latex/graphics/graphics.sty
Package: graphics 2017/06/25 v1.2c Standard LaTeX Graphics (DPC,SPQR)
 (/usr/local/texlive/2018/texmf-dist/tex/latex/graphics/trig.sty
Package: trig 2016/01/03 v1.10 sin cos tan (DPC)
) (/usr/local/texlive/2018/texmf-dist/tex/latex/graphics-cfg/graphics.cfg
File: graphics.cfg 2016/06/04 v1.11 sample graphics configuration
)
Package graphics Info: Driver file: pdftex.def on input line 99.
 (/usr/local/texlive/2018/texmf-dist/tex/latex/graphics-def/pdftex.def
File: pdftex.def 2018/01/08 v1.0l Graphics/color driver for pdftex
))
\Gin@req@height=\dimen110
\Gin@req@width=\dimen111
) (/usr/local/texlive/2018/texmf-dist/tex/latex/listings/listings.sty
\lst@mode=\count89
\lst@gtempboxa=\box26
\lst@token=\toks15
\lst@length=\count90
\lst@currlwidth=\dimen112
\lst@column=\count91
\lst@pos=\count92
\lst@lostspace=\dimen113
\lst@width=\dimen114
\lst@newlines=\count93
\lst@lineno=\count94
\lst@maxwidth=\dimen115
 (/usr/local/texlive/2018/texmf-dist/tex/latex/listings/lstmisc.sty
File: lstmisc.sty 2015/06/04 1.6 (Carsten Heinz)
\c@lstnumber=\count95
\lst@skipnumbers=\count96
\lst@framebox=\box27
) (/usr/local/texlive/2018/texmf-dist/tex/latex/listings/listings.cfg
File: listings.cfg 2015/06/04 1.6 listings configuration
))
Package: listings 2015/06/04 1.6 (Carsten Heinz)
 (/usr/local/texlive/2018/texmf-dist/tex/generic/babel/babel.sty
Package: babel 2018/02/14 3.18 The Babel package
 (/usr/local/texlive/2018/texmf-dist/tex/generic/babel/switch.def
File: switch.def 2018/02/14 3.18 Babel switching mechanism
) (/usr/local/texlive/2018/texmf-dist/tex/generic/babel-english/english.ldf
Language: english 2017/06/06 v3.3r English support from the babel system
 (/usr/local/texlive/2018/texmf-dist/tex/generic/babel/babel.def
File: babel.def 2018/02/14 3.18 Babel common definitions
\babel@savecnt=\count97
\U@D=\dimen116
 (/usr/local/texlive/2018/texmf-dist/tex/generic/babel/txtbabel.def)
\bbl@dirlevel=\count98
)
\l@canadian = a dialect from \language\l@american 
\l@australian = a dialect from \language\l@british 
\l@newzealand = a dialect from \language\l@british 
)) (/usr/local/texlive/2018/texmf-dist/tex/latex/graphics/color.sty
Package: color 2016/07/10 v1.1e Standard LaTeX Color (DPC)
 (/usr/local/texlive/2018/texmf-dist/tex/latex/graphics-cfg/color.cfg
File: color.cfg 2016/01/02 v1.6 sample color configuration
)
Package color Info: Driver file: pdftex.def on input line 147.
) (/usr/local/texlive/2018/texmf-dist/tex/latex/tools/array.sty
Package: array 2018/04/07 v2.4g Tabular extension package (FMi)
\col@sep=\dimen117
\ar@mcellbox=\box28
\extrarowheight=\dimen118
\NC@list=\toks16
\extratabsurround=\skip43
\backup@length=\skip44
\ar@cellbox=\box29
) (/Users/nasirkhalid/Desktop/University/Deep Learning/Homeworks/Homework 2/report_2/report.aux)
\openout1 = `report.aux'.

LaTeX Font Info:    Checking defaults for OML/cmm/m/it on input line 50.
LaTeX Font Info:    ... okay on input line 50.
LaTeX Font Info:    Checking defaults for T1/cmr/m/n on input line 50.
LaTeX Font Info:    ... okay on input line 50.
LaTeX Font Info:    Checking defaults for OT1/cmr/m/n on input line 50.
LaTeX Font Info:    ... okay on input line 50.
LaTeX Font Info:    Checking defaults for OMS/cmsy/m/n on input line 50.
LaTeX Font Info:    ... okay on input line 50.
LaTeX Font Info:    Checking defaults for OMX/cmex/m/n on input line 50.
LaTeX Font Info:    ... okay on input line 50.
LaTeX Font Info:    Checking defaults for U/cmr/m/n on input line 50.
LaTeX Font Info:    ... okay on input line 50.
Package caption Info: Begin \AtBeginDocument code.
Package caption Info: listings package is loaded.
Package caption Info: End \AtBeginDocument code.
 (/usr/local/texlive/2018/texmf-dist/tex/context/base/mkii/supp-pdf.mkii
[Loading MPS to PDF converter (version 2006.09.02).]
\scratchcounter=\count99
\scratchdimen=\dimen119
\scratchbox=\box30
\nofMPsegments=\count100
\nofMParguments=\count101
\everyMPshowfont=\toks17
\MPscratchCnt=\count102
\MPscratchDim=\dimen120
\MPnumerator=\count103
\makeMPintoPDFobject=\count104
\everyMPtoPDFconversion=\toks18
) (/usr/local/texlive/2018/texmf-dist/tex/latex/oberdiek/epstopdf-base.sty
Package: epstopdf-base 2016/05/15 v2.6 Base part for package epstopdf
 (/usr/local/texlive/2018/texmf-dist/tex/generic/oberdiek/infwarerr.sty
Package: infwarerr 2016/05/16 v1.4 Providing info/warning/error messages (HO)
) (/usr/local/texlive/2018/texmf-dist/tex/latex/oberdiek/grfext.sty
Package: grfext 2016/05/16 v1.2 Manage graphics extensions (HO)
 (/usr/local/texlive/2018/texmf-dist/tex/generic/oberdiek/kvdefinekeys.sty
Package: kvdefinekeys 2016/05/16 v1.4 Define keys (HO)
 (/usr/local/texlive/2018/texmf-dist/tex/generic/oberdiek/ltxcmds.sty
Package: ltxcmds 2016/05/16 v1.23 LaTeX kernel commands for general use (HO)
))) (/usr/local/texlive/2018/texmf-dist/tex/latex/oberdiek/kvoptions.sty
Package: kvoptions 2016/05/16 v3.12 Key value format for package options (HO)
 (/usr/local/texlive/2018/texmf-dist/tex/generic/oberdiek/kvsetkeys.sty
Package: kvsetkeys 2016/05/16 v1.17 Key value parser (HO)
 (/usr/local/texlive/2018/texmf-dist/tex/generic/oberdiek/etexcmds.sty
Package: etexcmds 2016/05/16 v1.6 Avoid name clashes with e-TeX commands (HO)
 (/usr/local/texlive/2018/texmf-dist/tex/generic/oberdiek/ifluatex.sty
Package: ifluatex 2016/05/16 v1.4 Provides the ifluatex switch (HO)
Package ifluatex Info: LuaTeX not detected.
)
Package etexcmds Info: Could not find \expanded.
(etexcmds)             That can mean that you are not using pdfTeX 1.50 or
(etexcmds)             that some package has redefined \expanded.
(etexcmds)             In the latter case, load this package earlier.
))) (/usr/local/texlive/2018/texmf-dist/tex/generic/oberdiek/pdftexcmds.sty
Package: pdftexcmds 2018/01/30 v0.27 Utility functions of pdfTeX for LuaTeX (HO)
 (/usr/local/texlive/2018/texmf-dist/tex/generic/oberdiek/ifpdf.sty
Package: ifpdf 2017/03/15 v3.2 Provides the ifpdf switch
)
Package pdftexcmds Info: LuaTeX not detected.
Package pdftexcmds Info: \pdf@primitive is available.
Package pdftexcmds Info: \pdf@ifprimitive is available.
Package pdftexcmds Info: \pdfdraftmode found.
)
Package epstopdf-base Info: Redefining graphics rule for `.eps' on input line 438.
Package grfext Info: Graphics extension search list:
(grfext)             [.pdf,.png,.jpg,.mps,.jpeg,.jbig2,.jb2,.PDF,.PNG,.JPG,.JPEG,.JBIG2,.JB2,.eps]
(grfext)             \AppendGraphicsExtensions on input line 456.
 (/usr/local/texlive/2018/texmf-dist/tex/latex/latexconfig/epstopdf-sys.cfg
File: epstopdf-sys.cfg 2010/07/13 v1.3 Configuration of (r)epstopdf for TeX Live
))
\c@lstlisting=\count105
<images/logo.png, id=1, 301.125pt x 301.125pt>
File: images/logo.png Graphic file (type png)
<use images/logo.png>
Package pdftex.def Info: images/logo.png  used on input line 54.
(pdftex.def)             Requested size: 180.67638pt x 180.67638pt.
 [1

{/usr/local/texlive/2018/texmf-var/fonts/map/pdftex/updmap/pdftex.map} </Users/nasirkhalid/Desktop/University/Deep Learning/Homeworks/Homework 2/report_2/images/logo.png>] (/Users/nasirkhalid/Desktop/University/Deep Learning/Homeworks/Homework 2/report_2/report.toc
LaTeX Font Info:    External font `cmex10' loaded for size
(Font)              <12> on input line 3.
LaTeX Font Info:    External font `cmex10' loaded for size
(Font)              <8> on input line 3.
LaTeX Font Info:    External font `cmex10' loaded for size
(Font)              <6> on input line 3.
 [1

])
\tf@toc=\write3
\openout3 = `report.toc'.

 (/Users/nasirkhalid/Desktop/University/Deep Learning/Homeworks/Homework 2/report_2/report.lof)
\tf@lof=\write4
\openout4 = `report.lof'.

 (/Users/nasirkhalid/Desktop/University/Deep Learning/Homeworks/Homework 2/report_2/report.lol)
\tf@lol=\write5
\openout5 = `report.lol'.

 [2]
LaTeX Font Info:    Try loading font information for OMS+cmr on input line 84.
 (/usr/local/texlive/2018/texmf-dist/tex/latex/base/omscmr.fd
File: omscmr.fd 2014/09/29 v2.5h Standard LaTeX font definitions
)
LaTeX Font Info:    Font shape `OMS/cmr/m/n' in size <12> not available
(Font)              Font shape `OMS/cmsy/m/n' tried instead on input line 84.
<images/1.png, id=18, 607.26875pt x 425.59pt>
File: images/1.png Graphic file (type png)
<use images/1.png>
Package pdftex.def Info: images/1.png  used on input line 100.
(pdftex.def)             Requested size: 224.68591pt x 157.46582pt.
 [3

 </Users/nasirkhalid/Desktop/University/Deep Learning/Homeworks/Homework 2/report_2/images/1.png>] [4]
Overfull \hbox (14.13327pt too wide) in paragraph at lines 163--167
 [] 
 []


Underfull \hbox (badness 10000) in paragraph at lines 178--179

 []

[5]
Overfull \hbox (0.80617pt too wide) in paragraph at lines 224--224
[]\OT1/cmr/bx/n/14.4 A1: Gra-di-ent Up-date for hidden-to-output weights 
 []

[6] [7] [8]
<images/2.png, id=47, 676.5275pt x 676.5275pt>
File: images/2.png Graphic file (type png)
<use images/2.png>
Package pdftex.def Info: images/2.png  used on input line 323.
(pdftex.def)             Requested size: 250.31125pt x 250.31125pt.
 [9 </Users/nasirkhalid/Desktop/University/Deep Learning/Homeworks/Homework 2/report_2/images/2.png>]
<images/16_15.png, id=52, 557.08125pt x 536.0025pt>
File: images/16_15.png Graphic file (type png)
<use images/16_15.png>
Package pdftex.def Info: images/16_15.png  used on input line 344.
(pdftex.def)             Requested size: 206.11684pt x 198.31781pt.
<images/64_15.png, id=53, 564.1075pt x 536.0025pt>
File: images/64_15.png Graphic file (type png)
<use images/64_15.png>
Package pdftex.def Info: images/64_15.png  used on input line 355.
(pdftex.def)             Requested size: 208.71649pt x 198.31781pt.


LaTeX Warning: `!h' float specifier changed to `!ht'.

<images/128_15.png, id=54, 564.1075pt x 544.0325pt>
File: images/128_15.png Graphic file (type png)
<use images/128_15.png>
Package pdftex.def Info: images/128_15.png  used on input line 366.
(pdftex.def)             Requested size: 208.71649pt x 201.28886pt.
[10 </Users/nasirkhalid/Desktop/University/Deep Learning/Homeworks/Homework 2/report_2/images/16_15.png>]
<images/512_15.png, id=59, 560.0925pt x 536.0025pt>
File: images/512_15.png Graphic file (type png)
<use images/512_15.png>
Package pdftex.def Info: images/512_15.png  used on input line 377.
(pdftex.def)             Requested size: 207.23097pt x 198.31781pt.


LaTeX Warning: `!h' float specifier changed to `!ht'.

[11 </Users/nasirkhalid/Desktop/University/Deep Learning/Homeworks/Homework 2/report_2/images/64_15.png> </Users/nasirkhalid/Desktop/University/Deep Learning/Homeworks/Homework 2/report_2/images/128_15.png>] [12 </Users/nasirkhalid/Desktop/University/Deep Learning/Homeworks/Homework 2/report_2/images/512_15.png>]
<images/16_RELU.png, id=70, 560.0925pt x 538.01pt>
File: images/16_RELU.png Graphic file (type png)
<use images/16_RELU.png>
Package pdftex.def Info: images/16_RELU.png  used on input line 413.
(pdftex.def)             Requested size: 168.02904pt x 161.40424pt.
<images/16_SIG.png, id=71, 568.1225pt x 536.0025pt>
File: images/16_SIG.png Graphic file (type png)
<use images/16_SIG.png>
Package pdftex.def Info: images/16_SIG.png  used on input line 422.
(pdftex.def)             Requested size: 170.43805pt x 160.80199pt.
<images/64_RELU.png, id=72, 557.08125pt x 530.98375pt>
File: images/64_RELU.png Graphic file (type png)
<use images/64_RELU.png>
Package pdftex.def Info: images/64_RELU.png  used on input line 433.
(pdftex.def)             Requested size: 167.12566pt x 159.29634pt.
 [13 </Users/nasirkhalid/Desktop/University/Deep Learning/Homeworks/Homework 2/report_2/images/16_RELU.png> </Users/nasirkhalid/Desktop/University/Deep Learning/Homeworks/Homework 2/report_2/images/16_SIG.png>]
<images/64_SIG.png, id=78, 558.085pt x 539.01375pt>
File: images/64_SIG.png Graphic file (type png)
<use images/64_SIG.png>
Package pdftex.def Info: images/64_SIG.png  used on input line 442.
(pdftex.def)             Requested size: 167.42679pt x 161.70537pt.
 [14 </Users/nasirkhalid/Desktop/University/Deep Learning/Homeworks/Homework 2/report_2/images/64_RELU.png> </Users/nasirkhalid/Desktop/University/Deep Learning/Homeworks/Homework 2/report_2/images/64_SIG.png>]
<images/128_RELU.png, id=84, 569.12625pt x 531.9875pt>
File: images/128_RELU.png Graphic file (type png)
<use images/128_RELU.png>
Package pdftex.def Info: images/128_RELU.png  used on input line 454.
(pdftex.def)             Requested size: 170.73918pt x 159.59747pt.
<images/128_SIG.png, id=85, 559.08875pt x 531.9875pt>
File: images/128_SIG.png Graphic file (type png)
<use images/128_SIG.png>
Package pdftex.def Info: images/128_SIG.png  used on input line 463.
(pdftex.def)             Requested size: 167.7279pt x 159.59747pt.
 [15 </Users/nasirkhalid/Desktop/University/Deep Learning/Homeworks/Homework 2/report_2/images/128_RELU.png> </Users/nasirkhalid/Desktop/University/Deep Learning/Homeworks/Homework 2/report_2/images/128_SIG.png>]
<images/512_RELU.png, id=91, 554.07pt x 533.995pt>
File: images/512_RELU.png Graphic file (type png)
<use images/512_RELU.png>
Package pdftex.def Info: images/512_RELU.png  used on input line 475.
(pdftex.def)             Requested size: 166.22227pt x 160.19974pt.
<images/512_SIG.png, id=92, 565.11125pt x 532.99126pt>
File: images/512_SIG.png Graphic file (type png)
<use images/512_SIG.png>
Package pdftex.def Info: images/512_SIG.png  used on input line 484.
(pdftex.def)             Requested size: 169.53468pt x 159.8986pt.
<images/Final.png, id=93, 559.08875pt x 533.995pt>
File: images/Final.png Graphic file (type png)
<use images/Final.png>
Package pdftex.def Info: images/Final.png  used on input line 497.
(pdftex.def)             Requested size: 223.63153pt x 213.59421pt.


LaTeX Warning: `!h' float specifier changed to `!ht'.

[16 </Users/nasirkhalid/Desktop/University/Deep Learning/Homeworks/Homework 2/report_2/images/512_RELU.png> </Users/nasirkhalid/Desktop/University/Deep Learning/Homeworks/Homework 2/report_2/images/512_SIG.png>]
<images/cm.png, id=99, 408.52625pt x 216.81pt>
File: images/cm.png Graphic file (type png)
<use images/cm.png>
Package pdftex.def Info: images/cm.png  used on input line 506.
(pdftex.def)             Requested size: 163.4076pt x 86.72246pt.
 [17 </Users/nasirkhalid/Desktop/University/Deep Learning/Homeworks/Homework 2/report_2/images/Final.png> </Users/nasirkhalid/Desktop/University/Deep Learning/Homeworks/Homework 2/report_2/images/cm.png>] [18] (/usr/local/texlive/2018/texmf-dist/tex/latex/listings/lstlang1.sty
File: lstlang1.sty 2015/06/04 1.6 listings language file
) [19] [20]
Overfull \hbox (91.40282pt too wide) in paragraph at lines 610--613
\OT1/cmtt/m/n/12 https://eli.thegreenplace.net/2016/the-softmax-function-and-its-derivative/ 
 []

[21] (/Users/nasirkhalid/Desktop/University/Deep Learning/Homeworks/Homework 2/report_2/report.aux) ) 
Here is how much of TeX's memory you used:
 5003 strings out of 492649
 74629 string characters out of 6129622
 228096 words of memory out of 5000000
 8816 multiletter control sequences out of 15000+600000
 9919 words of font info for 35 fonts, out of 8000000 for 9000
 1141 hyphenation exceptions out of 8191
 41i,9n,42p,637b,1285s stack positions out of 5000i,500n,10000p,200000b,80000s
</usr/local/texlive/2018/texmf-dist/fonts/type1/public/amsfonts/cm/cmbx12.pfb></usr/local/texlive/2018/texmf-dist/fonts/type1/public/amsfonts/cm/cmcsc10.pfb></usr/local/texlive/2018/texmf-dist/fonts/type1/public/amsfonts/cm/cmex10.pfb></usr/local/texlive/2018/texmf-dist/fonts/type1/public/amsfonts/cm/cmmi12.pfb></usr/local/texlive/2018/texmf-dist/fonts/type1/public/amsfonts/cm/cmmi6.pfb></usr/local/texlive/2018/texmf-dist/fonts/type1/public/amsfonts/cm/cmmi8.pfb></usr/local/texlive/2018/texmf-dist/fonts/type1/public/amsfonts/cm/cmr12.pfb></usr/local/texlive/2018/texmf-dist/fonts/type1/public/amsfonts/cm/cmr6.pfb></usr/local/texlive/2018/texmf-dist/fonts/type1/public/amsfonts/cm/cmr8.pfb></usr/local/texlive/2018/texmf-dist/fonts/type1/public/amsfonts/cm/cmsy10.pfb></usr/local/texlive/2018/texmf-dist/fonts/type1/public/amsfonts/cm/cmsy8.pfb></usr/local/texlive/2018/texmf-dist/fonts/type1/public/amsfonts/cm/cmti12.pfb></usr/local/texlive/2018/texmf-dist/fonts/type1/public/amsfonts/cm/cmtt12.pfb>
Output written on "/Users/nasirkhalid/Desktop/University/Deep Learning/Homeworks/Homework 2/report_2/report.pdf" (22 pages, 1204612 bytes).
PDF statistics:
 162 PDF objects out of 1000 (max. 8388607)
 90 compressed objects within 1 object stream
 0 named destinations out of 1000 (max. 500000)
 86 words of extra memory for PDF output out of 10000 (max. 10000000)

